<?xml version="1.0" encoding="UTF-8"?>
<testng-results ignored="0" total="1" passed="1" failed="0" skipped="0">
  <reporter-output>
  </reporter-output>
  <suite started-at="2024-10-03T02:16:32 IST" name="Default suite" finished-at="2024-10-03T02:16:32 IST" duration-ms="65">
    <groups>
    </groups>
    <test started-at="2024-10-03T02:16:32 IST" name="Default test" finished-at="2024-10-03T02:16:32 IST" duration-ms="65">
      <class name="tDemo.testng">
        <test-method signature="test()[pri:0, instance:tDemo.testng@5acf93bb]" started-at="2024-10-03T02:16:32 IST" name="test" finished-at="2024-10-03T02:16:32 IST" duration-ms="15" status="PASS">
          <reporter-output>
          </reporter-output>
        </test-method> <!-- test -->
      </class> <!-- tDemo.testng -->
    </test> <!-- Default test -->
  </suite> <!-- Default suite -->
</testng-results>
